
Turn 3
================================================================
warning: entity 0 was directed to use 8 halite to move east, but only 0 halite was available
At command 1 of 2:
>>> 1   m 0 e
    2   g


Turn 5
================================================================
warning: entity 2 was directed to use 6 halite to move east, but only 0 halite was available
At command 2 of 3:
    1   m 0 o
>>> 2   m 2 e
    3   g


Turn 7
================================================================
warning: entity 4 was directed to use 6 halite to move west, but only 0 halite was available
At command 3 of 4:
    1   m 0 e
    2   m 2 s
>>> 3   m 4 w
    4   g


Turn 9
================================================================
warning: entity 6 was directed to use 4 halite to move north, but only 0 halite was available
At command 2 of 5:
    1   m 0 o
>>> 2   m 6 n
    3   m 4 o
    4   m 2 o


Turn 10
================================================================
warning: owned entities 6, 4 collided on cell (7, 17) as the result of moves on this turn
At command 3 of 5:
    1   m 8 s
    2   m 0 o
>>> 3   m 6 w
    4   m 4 o
    5   m 2 o


Turn 11
================================================================
warning: entity 8 was directed to use 3 halite to move west, but only 0 halite was available
At command 1 of 3:
>>> 1   m 8 w
    2   m 0 o
    3   m 2 w


Turn 12
================================================================
warning: owned entities 8, 0 collided on cell (9, 17) as the result of moves on this turn
At command 1 of 3:
>>> 1   m 8 e
    2   m 0 n
    3   m 2 s

Other commands that placed an entity on this cell:
    1   m 8 e
>>> 2   m 0 n
    3   m 2 s


Turn 18
================================================================
warning: entity 2 was directed to use 7 halite to move south, but only 0 halite was available
At command 1 of 1:
>>> 1   m 2 s


Turn 364
================================================================
warning: entity 2 was directed to use 2 halite to move west, but only 0 halite was available
At command 1 of 1:
>>> 1   m 2 w

