
Turn 5
================================================================
warning: entity 3 was directed to use 6 halite to move south, but only 0 halite was available
At command 1 of 2:
>>> 1   m 3 s
    2   m 1 e


Turn 6
================================================================
warning: entity 1 was directed to use 9 halite to move east, but only 0 halite was available
At command 2 of 3:
    1   m 3 w
>>> 2   m 1 e
    3   g


Turn 10
================================================================
warning: entity 7 was directed to use 7 halite to move east, but only 0 halite was available
At command 4 of 5:
    2   m 1 o
    3   m 3 o
>>> 4   m 7 e
    5   g


Turn 11
================================================================
warning: owned entities 5, 3 collided on cell (22, 14) as the result of moves on this turn
At command 5 of 5:
    3   m 3 o
    4   m 7 n
>>> 5   m 5 n

warning: owned entities 9, 1 collided on cell (23, 17) as the result of moves on this turn
At command 1 of 5:
>>> 1   m 9 s
    2   m 1 w
    3   m 3 o

Other commands that placed an entity on this cell:
    1   m 9 s
>>> 2   m 1 w
    3   m 3 o
    4   m 7 n

