
Turn 3
================================================================
warning: entity 1 was directed to use 9 halite to move east, but only 0 halite was available
At command 1 of 2:
>>> 1   m 1 e
    2   g


Turn 11
================================================================
warning: entity 3 was directed to use 5 halite to move west, but only 4 halite was available
At command 2 of 2:
    1   m 1 o
>>> 2   m 3 w


Turn 29
================================================================
warning: entity 1 was directed to use 5 halite to move north, but only 0 halite was available
At command 2 of 2:
    1   m 3 e
>>> 2   m 1 n


Turn 47
================================================================
warning: entity 1 was directed to use 4 halite to move east, but only 0 halite was available
At command 2 of 2:
    1   m 3 n
>>> 2   m 1 e


Turn 61
================================================================
warning: entity 3 was directed to use 3 halite to move west, but only 0 halite was available
At command 2 of 2:
    1   m 1 e
>>> 2   m 3 w


Turn 65
================================================================
warning: entity 3 was directed to use 9 halite to move west, but only 3 halite was available
At command 2 of 2:
    1   m 1 w
>>> 2   m 3 w


Turn 93
================================================================
warning: entity 3 was directed to use 9 halite to move east, but only 6 halite was available
At command 2 of 2:
    1   m 1 o
>>> 2   m 3 e


Turn 119
================================================================
warning: entity 1 was directed to use 2 halite to move west, but only 0 halite was available
At command 2 of 2:
    1   m 3 n
>>> 2   m 1 w


Turn 123
================================================================
warning: entity 1 was directed to use 7 halite to move west, but only 0 halite was available
At command 1 of 2:
>>> 1   m 1 w
    2   m 3 e


Turn 124
================================================================
warning: entity 3 was directed to use 2 halite to move east, but only 0 halite was available
At command 2 of 2:
    1   m 1 w
>>> 2   m 3 e


Turn 126
================================================================
warning: entity 1 was directed to use 8 halite to move north, but only 5 halite was available
At command 1 of 2:
>>> 1   m 1 n
    2   m 3 e

warning: entity 3 was directed to use 6 halite to move east, but only 5 halite was available
At command 2 of 2:
    1   m 1 n
>>> 2   m 3 e


Turn 130
================================================================
warning: entity 3 was directed to use 8 halite to move west, but only 3 halite was available
At command 2 of 2:
    1   m 1 o
>>> 2   m 3 w


Turn 134
================================================================
warning: entity 3 was directed to use 9 halite to move north, but only 3 halite was available
At command 2 of 2:
    1   m 1 o
>>> 2   m 3 n


Turn 138
================================================================
warning: entity 3 was directed to use 7 halite to move east, but only 6 halite was available
At command 2 of 2:
    1   m 1 o
>>> 2   m 3 e


Turn 148
================================================================
warning: entity 1 was directed to use 2 halite to move west, but only 0 halite was available
At command 2 of 2:
    1   m 3 o
>>> 2   m 1 w


Turn 152
================================================================
warning: entity 1 was directed to use 5 halite to move south, but only 0 halite was available
At command 2 of 2:
    1   m 3 w
>>> 2   m 1 s


Turn 159
================================================================
warning: entity 3 was directed to use 2 halite to move north, but only 0 halite was available
At command 2 of 2:
    1   m 1 o
>>> 2   m 3 n


Turn 162
================================================================
warning: entity 3 was directed to use 6 halite to move west, but only 1 halite was available
At command 2 of 2:
    1   m 1 s
>>> 2   m 3 w


Turn 165
================================================================
warning: entity 3 was directed to use 9 halite to move north, but only 7 halite was available
At command 2 of 2:
    1   m 1 o
>>> 2   m 3 n


Turn 176
================================================================
warning: entity 1 was directed to use 1 halite to move north, but only 0 halite was available
At command 2 of 2:
    1   m 3 n
>>> 2   m 1 n


Turn 178
================================================================
warning: entity 1 was directed to use 5 halite to move north, but only 4 halite was available
At command 2 of 2:
    1   m 3 w
>>> 2   m 1 n


Turn 182
================================================================
warning: entity 1 was directed to use 7 halite to move east, but only 3 halite was available
At command 1 of 2:
>>> 1   m 1 e
    2   m 3 w


Turn 185
================================================================
warning: entity 1 was directed to use 9 halite to move north, but only 8 halite was available
At command 2 of 2:
    1   m 3 e
>>> 2   m 1 n


Turn 189
================================================================
warning: entity 1 was directed to use 9 halite to move north, but only 8 halite was available
At command 1 of 2:
>>> 1   m 1 n
    2   m 3 e


Turn 214
================================================================
warning: entity 3 was directed to use 9 halite to move west, but only 8 halite was available
At command 1 of 2:
>>> 1   m 3 w
    2   m 1 s


Turn 217
================================================================
warning: entity 1 was directed to use 1 halite to move west, but only 0 halite was available
At command 2 of 2:
    1   m 3 w
>>> 2   m 1 w


Turn 219
================================================================
warning: entity 3 was directed to use 7 halite to move west, but only 2 halite was available
At command 1 of 2:
>>> 1   m 3 w
    2   m 1 w


Turn 220
================================================================
warning: entity 1 was directed to use 3 halite to move west, but only 1 halite was available
At command 2 of 2:
    1   m 3 w
>>> 2   m 1 w


Turn 223
================================================================
warning: entity 1 was directed to use 8 halite to move west, but only 4 halite was available
At command 2 of 2:
    1   m 3 o
>>> 2   m 1 w


Turn 256
================================================================
warning: entity 1 was directed to use 1 halite to move north, but only 0 halite was available
At command 2 of 2:
    1   m 3 s
>>> 2   m 1 n


Turn 258
================================================================
warning: entity 1 was directed to use 4 halite to move north, but only 3 halite was available
At command 1 of 2:
>>> 1   m 1 n
    2   m 3 s


Turn 262
================================================================
warning: entity 1 was directed to use 7 halite to move south, but only 0 halite was available
At command 2 of 2:
    1   m 3 n
>>> 2   m 1 s


Turn 263
================================================================
warning: entity 3 was directed to use 1 halite to move east, but only 0 halite was available
At command 2 of 2:
    1   m 1 s
>>> 2   m 3 e


Turn 265
================================================================
warning: entity 1 was directed to use 9 halite to move west, but only 5 halite was available
At command 2 of 2:
    1   m 3 n
>>> 2   m 1 w


Turn 266
================================================================
warning: entity 3 was directed to use 5 halite to move north, but only 0 halite was available
At command 2 of 2:
    1   m 1 w
>>> 2   m 3 n


Turn 269
================================================================
warning: entity 3 was directed to use 5 halite to move east, but only 4 halite was available
At command 2 of 2:
    1   m 1 o
>>> 2   m 3 e


Turn 272
================================================================
warning: entity 3 was directed to use 8 halite to move south, but only 5 halite was available
At command 2 of 2:
    1   m 1 o
>>> 2   m 3 s


Turn 276
================================================================
warning: entity 3 was directed to use 9 halite to move east, but only 4 halite was available
At command 2 of 2:
    1   m 1 o
>>> 2   m 3 e


Turn 295
================================================================
warning: entity 1 was directed to use 1 halite to move east, but only 0 halite was available
At command 2 of 2:
    1   m 3 o
>>> 2   m 1 e


Turn 297
================================================================
warning: entity 1 was directed to use 5 halite to move east, but only 4 halite was available
At command 2 of 2:
    1   m 3 w
>>> 2   m 1 e


Turn 300
================================================================
warning: entity 1 was directed to use 8 halite to move north, but only 7 halite was available
At command 2 of 2:
    1   m 3 w
>>> 2   m 1 n


Turn 309
================================================================
warning: entity 3 was directed to use 1 halite to move west, but only 0 halite was available
At command 2 of 2:
    1   m 1 o
>>> 2   m 3 w


Turn 312
================================================================
warning: entity 3 was directed to use 3 halite to move south, but only 1 halite was available
At command 2 of 2:
    1   m 1 s
>>> 2   m 3 s


Turn 327
================================================================
warning: entity 1 was directed to use 1 halite to move west, but only 0 halite was available
At command 2 of 2:
    1   m 3 e
>>> 2   m 1 w


Turn 330
================================================================
warning: entity 1 was directed to use 8 halite to move north, but only 0 halite was available
At command 1 of 2:
>>> 1   m 1 n
    2   m 3 e


Turn 334
================================================================
warning: entity 1 was directed to use 9 halite to move west, but only 0 halite was available
At command 1 of 2:
>>> 1   m 1 w
    2   m 3 n


Turn 337
================================================================
warning: entity 3 was directed to use 4 halite to move east, but only 0 halite was available
At command 1 of 2:
>>> 1   m 3 e
    2   m 1 w


Turn 338
================================================================
warning: entity 1 was directed to use 9 halite to move east, but only 4 halite was available
At command 2 of 2:
    1   m 3 e
>>> 2   m 1 e


Turn 340
================================================================
warning: entity 3 was directed to use 7 halite to move east, but only 3 halite was available
At command 1 of 2:
>>> 1   m 3 e
    2   m 1 n


Turn 342
================================================================
warning: entity 1 was directed to use 9 halite to move west, but only 4 halite was available
At command 2 of 2:
    1   m 3 e
>>> 2   m 1 w


Turn 346
================================================================
warning: entity 1 was directed to use 9 halite to move south, but only 4 halite was available
At command 2 of 2:
    1   m 3 e
>>> 2   m 1 s


Turn 350
================================================================
warning: entity 1 was directed to use 8 halite to move west, but only 6 halite was available
At command 1 of 2:
>>> 1   m 1 w
    2   m 3 e


Turn 355
================================================================
warning: entity 1 was directed to use 9 halite to move south, but only 1 halite was available
At command 1 of 2:
>>> 1   m 1 s
    2   m 3 w

warning: entity 3 was directed to use 8 halite to move west, but only 0 halite was available
At command 2 of 2:
    1   m 1 s
>>> 2   m 3 w


Turn 358
================================================================
warning: entity 3 was directed to use 8 halite to move north, but only 6 halite was available
At command 1 of 2:
>>> 1   m 3 n
    2   m 1 o


Turn 362
================================================================
warning: entity 3 was directed to use 9 halite to move east, but only 4 halite was available
At command 1 of 2:
>>> 1   m 3 e
    2   m 1 s


Turn 363
================================================================
warning: entity 1 was directed to use 9 halite to move north, but only 0 halite was available
At command 2 of 2:
    1   m 3 e
>>> 2   m 1 n


Turn 367
================================================================
warning: entity 1 was directed to use 9 halite to move east, but only 0 halite was available
At command 2 of 2:
    1   m 3 o
>>> 2   m 1 e


Turn 371
================================================================
warning: entity 1 was directed to use 9 halite to move south, but only 1 halite was available
At command 2 of 2:
    1   m 3 o
>>> 2   m 1 s

